--------------------------------------------------------------------------------
Release 14.7 Trace  (nt64)
Copyright (c) 1995-2013 Xilinx, Inc.  All rights reserved.

C:\Xilinx\14.7\ISE_DS\ISE\bin\nt64\unwrapped\trce.exe -intstyle ise -v 3 -s 5
-n 3 -fastpaths -xml ALU_8BITS.twx ALU_8BITS.ncd -o ALU_8BITS.twr ALU_8BITS.pcf

Design file:              ALU_8BITS.ncd
Physical constraint file: ALU_8BITS.pcf
Device,package,speed:     xc3s50,pq208,-5 (PRODUCTION 1.39 2013-10-13)
Report level:             verbose report

Environment Variable      Effect 
--------------------      ------ 
NONE                      No environment variables were set
--------------------------------------------------------------------------------

INFO:Timing:2698 - No timing constraints found, doing default enumeration.
INFO:Timing:3412 - To improve timing, see the Timing Closure User Guide (UG612).
INFO:Timing:2752 - To get complete path coverage, use the unconstrained paths 
   option. All paths that are not constrained will be reported in the 
   unconstrained paths section(s) of the report.
INFO:Timing:3339 - The clock-to-out numbers in this timing report are based on 
   a 50 Ohm transmission line loading model.  For the details of this model, 
   and for more information on accounting for different loading conditions, 
   please see the device datasheet.
INFO:Timing:3390 - This architecture does not support a default System Jitter 
   value, please add SYSTEM_JITTER constraint to the UCF to modify the Clock 
   Uncertainty calculation.
INFO:Timing:3389 - This architecture does not support 'Discrete Jitter' and 
   'Phase Error' calculations, these terms will be zero in the Clock 
   Uncertainty calculation.  Please make appropriate modification to 
   SYSTEM_JITTER to account for the unsupported Discrete Jitter and Phase 
   Error.



Data Sheet report:
-----------------
All values displayed in nanoseconds (ns)

Pad to Pad
---------------+---------------+---------+
Source Pad     |Destination Pad|  Delay  |
---------------+---------------+---------+
a_i<0>         |d_o<0>         |    9.297|
a_i<0>         |d_o<1>         |    9.782|
a_i<0>         |d_o<2>         |    9.770|
a_i<0>         |d_o<3>         |   10.012|
a_i<0>         |d_o<4>         |   10.405|
a_i<0>         |d_o<5>         |   10.105|
a_i<0>         |d_o<6>         |    9.923|
a_i<0>         |d_o<7>         |   10.425|
a_i<1>         |d_o<1>         |    9.464|
a_i<1>         |d_o<2>         |    9.838|
a_i<1>         |d_o<3>         |   10.080|
a_i<1>         |d_o<4>         |   10.473|
a_i<1>         |d_o<5>         |   10.173|
a_i<1>         |d_o<6>         |    9.991|
a_i<1>         |d_o<7>         |   10.493|
a_i<2>         |d_o<2>         |    8.654|
a_i<2>         |d_o<3>         |    9.435|
a_i<2>         |d_o<4>         |   10.025|
a_i<2>         |d_o<5>         |    9.725|
a_i<2>         |d_o<6>         |    9.543|
a_i<2>         |d_o<7>         |   10.045|
a_i<3>         |d_o<3>         |    9.110|
a_i<3>         |d_o<4>         |   10.086|
a_i<3>         |d_o<5>         |    9.786|
a_i<3>         |d_o<6>         |    9.604|
a_i<3>         |d_o<7>         |   10.106|
a_i<4>         |d_o<4>         |    9.157|
a_i<4>         |d_o<5>         |    9.396|
a_i<4>         |d_o<6>         |    9.411|
a_i<4>         |d_o<7>         |    9.913|
a_i<5>         |d_o<5>         |    8.770|
a_i<5>         |d_o<6>         |    9.171|
a_i<5>         |d_o<7>         |    9.673|
a_i<6>         |d_o<6>         |    8.535|
a_i<6>         |d_o<7>         |    9.576|
a_i<7>         |d_o<7>         |    9.605|
b_i<0>         |d_o<0>         |    9.309|
b_i<0>         |d_o<1>         |    9.794|
b_i<0>         |d_o<2>         |    9.782|
b_i<0>         |d_o<3>         |   10.024|
b_i<0>         |d_o<4>         |   10.417|
b_i<0>         |d_o<5>         |   10.117|
b_i<0>         |d_o<6>         |    9.935|
b_i<0>         |d_o<7>         |   10.437|
b_i<1>         |d_o<1>         |    9.153|
b_i<1>         |d_o<2>         |    9.527|
b_i<1>         |d_o<3>         |    9.769|
b_i<1>         |d_o<4>         |   10.162|
b_i<1>         |d_o<5>         |    9.862|
b_i<1>         |d_o<6>         |    9.680|
b_i<1>         |d_o<7>         |   10.182|
b_i<2>         |d_o<2>         |    8.681|
b_i<2>         |d_o<3>         |    9.462|
b_i<2>         |d_o<4>         |   10.052|
b_i<2>         |d_o<5>         |    9.752|
b_i<2>         |d_o<6>         |    9.570|
b_i<2>         |d_o<7>         |   10.072|
b_i<3>         |d_o<3>         |    9.400|
b_i<3>         |d_o<4>         |   10.376|
b_i<3>         |d_o<5>         |   10.076|
b_i<3>         |d_o<6>         |    9.894|
b_i<3>         |d_o<7>         |   10.396|
b_i<4>         |d_o<4>         |    9.235|
b_i<4>         |d_o<5>         |    9.474|
b_i<4>         |d_o<6>         |    9.489|
b_i<4>         |d_o<7>         |    9.991|
b_i<5>         |d_o<5>         |    8.766|
b_i<5>         |d_o<6>         |    9.167|
b_i<5>         |d_o<7>         |    9.669|
b_i<6>         |d_o<6>         |    8.296|
b_i<6>         |d_o<7>         |    9.337|
b_i<7>         |d_o<7>         |    8.964|
opcode_i<0>    |d_o<0>         |   10.846|
opcode_i<0>    |d_o<1>         |   10.792|
opcode_i<0>    |d_o<2>         |   10.780|
opcode_i<0>    |d_o<3>         |   11.022|
opcode_i<0>    |d_o<4>         |   11.415|
opcode_i<0>    |d_o<5>         |   11.115|
opcode_i<0>    |d_o<6>         |   10.933|
opcode_i<0>    |d_o<7>         |   11.435|
opcode_i<1>    |d_o<0>         |   11.294|
opcode_i<1>    |d_o<1>         |   11.240|
opcode_i<1>    |d_o<2>         |   11.228|
opcode_i<1>    |d_o<3>         |   11.470|
opcode_i<1>    |d_o<4>         |   11.863|
opcode_i<1>    |d_o<5>         |   11.563|
opcode_i<1>    |d_o<6>         |   11.381|
opcode_i<1>    |d_o<7>         |   11.883|
---------------+---------------+---------+


Analysis completed Sun Jun 19 12:23:40 2022 
--------------------------------------------------------------------------------

Trace Settings:
-------------------------
Trace Settings 

Peak Memory Usage: 4468 MB



